<?xml version="1.0" encoding="UTF-8" ?>
<testsuite failures="0" time="0.044" errors="0" skipped="0" tests="2" name="org.ybacoby.killdaoframework.RepositoryTest">
  <properties>
    <property name="java.runtime.name" value="Java(TM) SE Runtime Environment"/>
    <property name="sun.boot.library.path" value="/usr/lib/jvm/java-6-sun-1.6.0.15/jre/lib/i386"/>
    <property name="java.vm.version" value="14.1-b02"/>
    <property name="java.vm.vendor" value="Sun Microsystems Inc."/>
    <property name="java.vendor.url" value="http://java.sun.com/"/>
    <property name="path.separator" value=":"/>
    <property name="java.vm.name" value="Java HotSpot(TM) Client VM"/>
    <property name="file.encoding.pkg" value="sun.io"/>
    <property name="user.country" value="US"/>
    <property name="sun.java.launcher" value="SUN_STANDARD"/>
    <property name="sun.os.patch.level" value="unknown"/>
    <property name="java.vm.specification.name" value="Java Virtual Machine Specification"/>
    <property name="user.dir" value="/home/cristovao/workspace/jee/killdaoframework"/>
    <property name="java.runtime.version" value="1.6.0_15-b03"/>
    <property name="java.awt.graphicsenv" value="sun.awt.X11GraphicsEnvironment"/>
    <property name="basedir" value="/home/cristovao/workspace/jee/killdaoframework"/>
    <property name="java.endorsed.dirs" value="/usr/lib/jvm/java-6-sun-1.6.0.15/jre/lib/endorsed"/>
    <property name="os.arch" value="i386"/>
    <property name="surefire.real.class.path" value="/tmp/surefirebooter4377529251880721252.jar"/>
    <property name="java.io.tmpdir" value="/tmp"/>
    <property name="line.separator" value="
"/>
    <property name="java.vm.specification.vendor" value="Sun Microsystems Inc."/>
    <property name="os.name" value="Linux"/>
    <property name="sun.jnu.encoding" value="UTF-8"/>
    <property name="java.library.path" value="/usr/lib/jvm/java-6-sun-1.6.0.15/jre/lib/i386/client:/usr/lib/jvm/java-6-sun-1.6.0.15/jre/lib/i386:/usr/lib/jvm/java-6-sun-1.6.0.15/jre/../lib/i386:/usr/java/packages/lib/i386:/lib:/usr/lib"/>
    <property name="surefire.test.class.path" value="/home/cristovao/workspace/jee/killdaoframework/target/test-classes:/home/cristovao/workspace/jee/killdaoframework/target/classes:/home/cristovao/.m2/org/apache/commons/commons-email/1.1/commons-email-1.1.jar:/home/cristovao/.m2/javax/mail/mail/1.4/mail-1.4.jar:/home/cristovao/.m2/javax/activation/activation/1.1/activation-1.1.jar:/home/cristovao/.m2/br/com/ybacoby/kya/0.0.1-SNAPSHOT/kya-0.0.1-SNAPSHOT.jar:/home/cristovao/.m2/junit/junit/4.5/junit-4.5.jar:"/>
    <property name="java.specification.name" value="Java Platform API Specification"/>
    <property name="java.class.version" value="50.0"/>
    <property name="sun.management.compiler" value="HotSpot Client Compiler"/>
    <property name="os.version" value="2.6.31-17-generic"/>
    <property name="user.home" value="/home/cristovao"/>
    <property name="user.timezone" value=""/>
    <property name="java.awt.printerjob" value="sun.print.PSPrinterJob"/>
    <property name="file.encoding" value="UTF-8"/>
    <property name="java.specification.version" value="1.6"/>
    <property name="user.name" value="cristovao"/>
    <property name="java.class.path" value="/home/cristovao/workspace/jee/killdaoframework/target/test-classes:/home/cristovao/workspace/jee/killdaoframework/target/classes:/home/cristovao/.m2/org/apache/commons/commons-email/1.1/commons-email-1.1.jar:/home/cristovao/.m2/javax/mail/mail/1.4/mail-1.4.jar:/home/cristovao/.m2/javax/activation/activation/1.1/activation-1.1.jar:/home/cristovao/.m2/br/com/ybacoby/kya/0.0.1-SNAPSHOT/kya-0.0.1-SNAPSHOT.jar:/home/cristovao/.m2/junit/junit/4.5/junit-4.5.jar:"/>
    <property name="java.vm.specification.version" value="1.0"/>
    <property name="sun.arch.data.model" value="32"/>
    <property name="java.home" value="/usr/lib/jvm/java-6-sun-1.6.0.15/jre"/>
    <property name="java.specification.vendor" value="Sun Microsystems Inc."/>
    <property name="user.language" value="en"/>
    <property name="java.vm.info" value="mixed mode, sharing"/>
    <property name="java.version" value="1.6.0_15"/>
    <property name="java.ext.dirs" value="/usr/lib/jvm/java-6-sun-1.6.0.15/jre/lib/ext:/usr/java/packages/lib/ext"/>
    <property name="sun.boot.class.path" value="/usr/lib/jvm/java-6-sun-1.6.0.15/jre/lib/resources.jar:/usr/lib/jvm/java-6-sun-1.6.0.15/jre/lib/rt.jar:/usr/lib/jvm/java-6-sun-1.6.0.15/jre/lib/sunrsasign.jar:/usr/lib/jvm/java-6-sun-1.6.0.15/jre/lib/jsse.jar:/usr/lib/jvm/java-6-sun-1.6.0.15/jre/lib/jce.jar:/usr/lib/jvm/java-6-sun-1.6.0.15/jre/lib/charsets.jar:/usr/lib/jvm/java-6-sun-1.6.0.15/jre/classes"/>
    <property name="java.vendor" value="Sun Microsystems Inc."/>
    <property name="localRepository" value="/home/cristovao/.m2"/>
    <property name="file.separator" value="/"/>
    <property name="java.vendor.url.bug" value="http://java.sun.com/cgi-bin/bugreport.cgi"/>
    <property name="sun.cpu.endian" value="little"/>
    <property name="sun.io.unicode.encoding" value="UnicodeLittle"/>
    <property name="sun.desktop" value="gnome"/>
    <property name="sun.cpu.isalist" value=""/>
  </properties>
  <testcase time="0.02" classname="org.ybacoby.killdaoframework.RepositoryTest" name="testSqlSelect"/>
  <testcase time="0.016" classname="org.ybacoby.killdaoframework.RepositoryTest" name="testSqlSelectTable"/>
</testsuite>